{"time":"2025-02-10T11:35:23.9222199-03:00","level":"INFO","msg":"Iniciou na porta :3000"}
{"time":"2025-02-10T11:35:23.9306326-03:00","level":"INFO","msg":"Hora da consulta time.Date(2025, time.February, 10, 11, 35, 23, 930035400, time.Local)"}
{"time":"2025-02-10T11:35:23.9316659-03:00","level":"INFO","msg":"Iniciou o teste de apis"}
{"time":"2025-02-10T11:35:24.1503119-03:00","level":"ERROR","msg":"ok com api https://statusnexxeraaws.integracoeswmc.com.br"}
{"time":"2025-02-10T11:35:24.3297936-03:00","level":"ERROR","msg":"ok com api https://status_infra_envio.integracoeswmc.com.br"}
{"time":"2025-02-10T11:35:24.5074804-03:00","level":"ERROR","msg":"ok com api https://status_infra_recebe.integracoeswmc.com.br"}
{"time":"2025-02-10T20:08:34.0511489-03:00","level":"INFO","msg":"Iniciou na porta :3000"}
{"time":"2025-02-10T20:08:34.061482-03:00","level":"INFO","msg":"Hora da consulta time.Date(2025, time.February, 10, 20, 8, 34, 60976900, time.Local)"}
{"time":"2025-02-10T20:08:34.061482-03:00","level":"INFO","msg":"Iniciou o teste de apis"}
{"time":"2025-02-10T20:08:34.3042336-03:00","level":"ERROR","msg":"ok com api https://statusnexxeraaws.integracoeswmc.com.br"}
{"time":"2025-02-10T20:08:34.4964419-03:00","level":"ERROR","msg":"ok com api https://status_infra_envio.integracoeswmc.com.br"}
{"time":"2025-02-10T20:08:34.6787504-03:00","level":"ERROR","msg":"ok com api https://status_infra_recebe.integracoeswmc.com.br"}
{"time":"2025-02-23T11:45:29.2602061-03:00","level":"INFO","msg":"Iniciou na porta :3000"}
{"time":"2025-02-23T11:45:29.270832-03:00","level":"INFO","msg":"Hora da consulta time.Date(2025, time.February, 23, 11, 45, 29, 269790800, time.Local)"}
{"time":"2025-02-23T11:45:29.3127462-03:00","level":"ERROR","msg":"Get \"https://statusnexxeraaws.integracoeswmcc.com.br\": dial tcp: lookup statusnexxeraaws.integracoeswmcc.com.br: no such host"}
{"time":"2025-02-23T11:46:17.829672-03:00","level":"INFO","msg":"Iniciou na porta :3000"}
{"time":"2025-02-23T11:46:17.8385558-03:00","level":"INFO","msg":"Hora da consulta time.Date(2025, time.February, 23, 11, 46, 17, 838381700, time.Local)"}
{"time":"2025-02-23T11:46:17.8385558-03:00","level":"INFO","msg":"Iniciou o teste de apis"}
{"time":"2025-02-23T11:46:18.1629456-03:00","level":"ERROR","msg":"ok com api https://statusnexxeraaws.integracoeswmc.com.br"}
{"time":"2025-02-23T11:46:18.5779441-03:00","level":"ERROR","msg":"ok com api https://status_infra_envio.integracoeswmc.com.br"}
{"time":"2025-02-23T11:46:18.9181933-03:00","level":"ERROR","msg":"ok com api https://status_infra_recebe.integracoeswmc.com.br"}
{"time":"2025-02-23T11:58:25.1452168-03:00","level":"INFO","msg":"Iniciou na porta :3000"}
{"time":"2025-02-23T11:58:25.1544955-03:00","level":"INFO","msg":"Iniciou o teste de apis"}
{"time":"2025-02-23T11:58:25.1544955-03:00","level":"INFO","msg":"Hora da consulta time.Date(2025, time.February, 23, 11, 58, 25, 153938300, time.Local)"}
{"time":"2025-02-23T11:58:25.1798724-03:00","level":"ERROR","msg":"Erro de conexão: Get \"https://statusnexxeraaws.integracoeswmcC.com.br\": dial tcp: lookup statusnexxeraaws.integracoeswmcC.com.br: no such host"}
{"time":"2025-02-23T11:58:25.1810357-03:00","level":"ERROR","msg":"Erro de conexão: Get \"https://statusnexxeraaws.integracoeswmcC.com.br\": dial tcp: lookup statusnexxeraaws.integracoeswmcC.com.br: no such host"}
{"time":"2025-02-23T11:58:25.1815533-03:00","level":"ERROR","msg":"Erro de conexão: Get \"https://statusnexxeraaws.integracoeswmcC.com.br\": dial tcp: lookup statusnexxeraaws.integracoeswmcC.com.br: no such host"}
{"time":"2025-02-23T11:58:25.4969084-03:00","level":"ERROR","msg":"ok com api https://status_infra_envio.integracoeswmc.com.br"}
{"time":"2025-02-23T11:58:26.019194-03:00","level":"ERROR","msg":"ok com api https://status_infra_recebe.integracoeswmc.com.br"}
{"time":"2025-02-23T12:01:12.4569134-03:00","level":"INFO","msg":"Iniciou na porta :3000"}
{"time":"2025-02-23T12:01:12.465021-03:00","level":"INFO","msg":"Iniciou o teste de apis"}
{"time":"2025-02-23T12:01:12.4917251-03:00","level":"ERROR","msg":"Erro de conexão: Get \"https://statusnexxeraaws.integracoeswmcC.com.br\": dial tcp: lookup statusnexxeraaws.integracoeswmcC.com.br: no such host"}
{"time":"2025-02-23T12:01:12.4932148-03:00","level":"ERROR","msg":"Erro de conexão: Get \"https://statusnexxeraaws.integracoeswmcC.com.br\": dial tcp: lookup statusnexxeraaws.integracoeswmcC.com.br: no such host"}
{"time":"2025-02-23T12:01:12.4938521-03:00","level":"ERROR","msg":"Erro de conexão: Get \"https://statusnexxeraaws.integracoeswmcC.com.br\": dial tcp: lookup statusnexxeraaws.integracoeswmcC.com.br: no such host"}
{"time":"2025-02-23T12:01:12.6336574-03:00","level":"ERROR","msg":"ok com api https://status_infra_envio.integracoeswmc.com.br"}
{"time":"2025-02-23T12:01:12.7609894-03:00","level":"ERROR","msg":"ok com api https://status_infra_recebe.integracoeswmc.com.br"}
{"time":"2025-02-23T12:02:12.4752557-03:00","level":"INFO","msg":"Hora da consulta time.Date(2025, time.February, 23, 12, 2, 12, 474971500, time.Local)"}
{"time":"2025-02-23T12:03:12.4853337-03:00","level":"INFO","msg":"Hora da consulta time.Date(2025, time.February, 23, 12, 3, 12, 485333700, time.Local)"}
{"time":"2025-02-23T12:04:12.4918415-03:00","level":"INFO","msg":"Hora da consulta time.Date(2025, time.February, 23, 12, 4, 12, 488480500, time.Local)"}
{"time":"2025-02-23T12:05:12.4995854-03:00","level":"INFO","msg":"Hora da consulta time.Date(2025, time.February, 23, 12, 5, 12, 499009600, time.Local)"}
